\BOOKMARK [1][-]{section.1}{Bakgrunn og teorigrunnlag}{}% 1
\BOOKMARK [1][-]{section.2}{Beskrivelse av studien og resultater}{}% 2
\BOOKMARK [2][-]{subsection.2.1}{Datainnsamling}{section.2}% 3
\BOOKMARK [3][-]{subsubsection.2.1.1}{Beskrivelse av testen}{subsection.2.1}% 4
\BOOKMARK [3][-]{subsubsection.2.1.2}{Beskrivelse av datainnsamlingen}{subsection.2.1}% 5
\BOOKMARK [3][-]{subsubsection.2.1.3}{Beskrivelse av datasettene}{subsection.2.1}% 6
\BOOKMARK [2][-]{subsection.2.2}{Undervisningsform}{section.2}% 7
\BOOKMARK [3][-]{subsubsection.2.2.1}{BYG103/BYG141}{subsection.2.2}% 8
\BOOKMARK [3][-]{subsubsection.2.2.2}{DAT106}{subsection.2.2}% 9
\BOOKMARK [2][-]{subsection.2.3}{Resultater}{section.2}% 10
\BOOKMARK [3][-]{subsubsection.2.3.1}{Betydningen av studiebakgrunn}{subsection.2.3}% 11
\BOOKMARK [1][-]{section.3}{Diskusjon av resultatene}{}% 12
\BOOKMARK [2][-]{subsection.3.1}{Sammenligning av tradisjonell forelesning og omvendt klasserom}{section.3}% 13
\BOOKMARK [2][-]{subsection.3.2}{Sammenheng mellom test-resultater og studiebakgrunn}{section.3}% 14
\BOOKMARK [3][-]{subsubsection.3.2.1}{Fysikk 2}{subsection.3.2}% 15
\BOOKMARK [3][-]{subsubsection.3.2.2}{Realfagskurs/forkurs}{subsection.3.2}% 16
\BOOKMARK [3][-]{subsubsection.3.2.3}{Matematikk-kurs fra tidligere i studiet}{subsection.3.2}% 17
\BOOKMARK [1][-]{section.4}{Diskusjon av studiedesign}{}% 18
\BOOKMARK [1][-]{section.5}{Konklusjon}{}% 19
\BOOKMARK [1][-]{appendix.A}{Merknader til gjennomf\370ring av testene}{}% 20
\BOOKMARK [2][-]{subsection.A.1}{BYG103/BYG141}{appendix.A}% 21
\BOOKMARK [2][-]{subsection.A.2}{DAT106}{appendix.A}% 22
